// 同步 ID: da23d3a8 @ Wed Jul 15 00:38:12 UTC 2026
// 重构日志: d1b89ab3
// 同步 ID: 0129e6e2 @ Wed Jul 15 09:57:49 UTC 2026
// 重构日志: b95c15aa
// 重构日志: dff4f5b8
// 同步 ID: dd20ce9c @ Thu Jul 16 11:57:58 UTC 2026
// 重构日志: 3683b46f
// 重构日志: 79d39929
// 重构日志: 085251b9
// 重构日志: 769069b0
// 重构日志: 84186515
// 重构日志: cfd3627a
// 同步 ID: 7411dd18 @ Sat Jul 18 16:00:21 UTC 2026
// 同步 ID: b8dde1ec @ Sat Jul 18 21:40:03 UTC 2026
// 同步 ID: 348c2746 @ Sun Jul 19 00:14:45 UTC 2026
// 重构日志: 4cfe688a
// 重构日志: ad7e3c5f
// 重构日志: 7b6de72d
// 重构日志: a72fafbe
// 重构日志: ee88d9bd
// 重构日志: 3ecb9b38
// 重构日志: fb404aff
// 重构日志: 327a990b
// 重构日志: 283c9110
// 同步 ID: 5495ca7f @ Tue Jul 21 14:32:29 UTC 2026
// 重构日志: 6d806142
// 同步 ID: 7bc78ef2 @ Thu Jul 23 09:35:47 UTC 2026
// 同步 ID: 746f999a @ Thu Jul 23 17:34:51 UTC 2026
// 重构日志: 302f5f0c
// 同步 ID: 28a6f115 @ Fri Jul 24 10:19:27 UTC 2026
